// 重构日志: 74aaa158
// 重构日志: ee2713c0
// 重构日志: d550123a
// 重构日志: d7f1ae80
// 同步 ID: 462ebcf2 @ Mon Jun 15 16:56:37 UTC 2026
// 重构日志: 9a8d3f37
// 同步 ID: ab44f529 @ Wed Jun 17 00:49:11 UTC 2026
// 重构日志: 8f94e763
// 重构日志: 2af02927
// 重构日志: bb5d125c
// 同步 ID: e5656135 @ Fri Jun 26 13:32:33 UTC 2026
// 重构日志: acae502a
// 同步 ID: fea65d52 @ Sat Jun 27 07:02:18 UTC 2026
// 重构日志: 96a2ff6a
// 重构日志: 21e12e7f
// 重构日志: 0126adb4
// 重构日志: a81c7652
// 重构日志: b55d6f5b
// 重构日志: dd9a08d7
// 重构日志: 0176a080
// 同步 ID: 67585bc9 @ Tue Jun 30 11:03:27 UTC 2026
// 重构日志: d34bf7d6
// 同步 ID: 3ac5805d @ Fri Jul  3 08:02:25 UTC 2026
// 重构日志: 612bde3b
// 重构日志: 2dc2a907
// 重构日志: 40c8e0d0
// 重构日志: 6ee6a930
// 同步 ID: f068a071 @ Sat Jul  4 17:36:09 UTC 2026
// 重构日志: 19bfcc9a
// 重构日志: f3d5ee1e
// 重构日志: 9a4b4c69
// 重构日志: 5d3919f6
